2026-05-07T17:33:30+00:00 RETRIEVE_COOKIE=1 COOKIE_VAL=FelefdrkZPT7o?T2la_X!632po#1B2Tv... (len=255) SESSION_TOKEN=0 SESSION_VAL=
2026-05-07T17:33:30+00:00 RETRIEVE_RESULT=0
2026-05-07T17:33:31+00:00 RETRIEVE_COOKIE=1 COOKIE_VAL=FelefdrkZPT7o?T2la_X!632po#1B2Tv... (len=255) SESSION_TOKEN=0 SESSION_VAL=
2026-05-07T17:33:31+00:00 RETRIEVE_RESULT=0
2026-05-07T17:33:31+00:00 RETRIEVE_COOKIE=1 COOKIE_VAL=FelefdrkZPT7o?T2la_X!632po#1B2Tv... (len=255) SESSION_TOKEN=0 SESSION_VAL=
2026-05-07T17:33:31+00:00 RETRIEVE_RESULT=0
2026-05-07T17:33:31+00:00 RETRIEVE_COOKIE=1 COOKIE_VAL=FelefdrkZPT7o?T2la_X!632po#1B2Tv... (len=255) SESSION_TOKEN=0 SESSION_VAL=
2026-05-07T17:33:31+00:00 RETRIEVE_RESULT=0
2026-05-07T17:33:31+00:00 RETRIEVE_COOKIE=1 COOKIE_VAL=FelefdrkZPT7o?T2la_X!632po#1B2Tv... (len=255) SESSION_TOKEN=0 SESSION_VAL=
2026-05-07T17:33:31+00:00 RETRIEVE_RESULT=0
2026-05-07T17:33:31+00:00 RETRIEVE_COOKIE=1 COOKIE_VAL=FelefdrkZPT7o?T2la_X!632po#1B2Tv... (len=255) SESSION_TOKEN=0 SESSION_VAL=
2026-05-07T17:33:31+00:00 RETRIEVE_RESULT=0
2026-05-07T17:33:45+00:00 RETRIEVE_COOKIE=1 COOKIE_VAL=FelefdrkZPT7o?T2la_X!632po#1B2Tv... (len=255) SESSION_TOKEN=0 SESSION_VAL=
2026-05-07T17:33:45+00:00 RETRIEVE_RESULT=0
[2026-05-07 17:33:45] [IP:::1] Login sayfası açıldı
[2026-05-07 17:33:45] [IP:::1] Login isteği gönderildi
[2026-05-07 17:33:45] [IP:::1] Username: ZOMIUM
2026-05-07T17:33:46+00:00 FOUND user id=1 name=ZOMIUM
2026-05-07T17:33:46+00:00 PASSWORD_OK user id=1
2026-05-07T17:33:46+00:00 SESSION_SET user id=1
[2026-05-07 17:33:46] [IP:::1] Login sonucu: {"login":"!RJ4C?zE7#3W4a\/\/1Yk!F53;uQ?t136qYNjetTrCZV45NjE!C=wWEOlaRxH_OMEJnKRHb1p;kV6Fo40-SGDU3ZQQRXBmEUDu0_N5=omUKBRjkqljCrMR_7sh1;PaQJOBqLg7LOKPJlvbSp;GG;QZN9UFqC\/4#K?tNMH=\/Fp2hFgqZjsRXCkfxIpx48hDH-zAbGtbyvJVHp1Rt?61XNNX8AKO3-JfdU?Mz9LuX16cAQ7M_QYmq665K4QKoeNREXj"}
[2026-05-07 17:33:46] [IP:::1] GİRİŞ BAŞARILI → /my/home
2026-05-07T17:33:46+00:00 RETRIEVE_COOKIE=1 COOKIE_VAL=FelefdrkZPT7o?T2la_X!632po#1B2Tv... (len=255) SESSION_TOKEN=1 SESSION_VAL=!RJ4C?zE7#3W4a//1Yk!F53;uQ?t136q... (len=255)
2026-05-07T17:33:46+00:00 RETRIEVE_RESULT=0
2026-05-07T17:33:46+00:00 RETRIEVE_COOKIE=1 COOKIE_VAL=FelefdrkZPT7o?T2la_X!632po#1B2Tv... (len=255) SESSION_TOKEN=1 SESSION_VAL=!RJ4C?zE7#3W4a//1Yk!F53;uQ?t136q... (len=255)
2026-05-07T17:33:46+00:00 RETRIEVE_RESULT=0
[2026-05-07 17:33:46] [IP:::1] Login sayfası açıldı
2026-05-07T17:33:47+00:00 RETRIEVE_COOKIE=1 COOKIE_VAL=FelefdrkZPT7o?T2la_X!632po#1B2Tv... (len=255) SESSION_TOKEN=1 SESSION_VAL=!RJ4C?zE7#3W4a//1Yk!F53;uQ?t136q... (len=255)
2026-05-07T17:33:47+00:00 RETRIEVE_RESULT=0
2026-05-07T17:33:47+00:00 RETRIEVE_COOKIE=1 COOKIE_VAL=FelefdrkZPT7o?T2la_X!632po#1B2Tv... (len=255) SESSION_TOKEN=1 SESSION_VAL=!RJ4C?zE7#3W4a//1Yk!F53;uQ?t136q... (len=255)
2026-05-07T17:33:47+00:00 RETRIEVE_RESULT=0
2026-05-07T17:33:47+00:00 RETRIEVE_COOKIE=1 COOKIE_VAL=FelefdrkZPT7o?T2la_X!632po#1B2Tv... (len=255) SESSION_TOKEN=1 SESSION_VAL=!RJ4C?zE7#3W4a//1Yk!F53;uQ?t136q... (len=255)
2026-05-07T17:33:47+00:00 RETRIEVE_RESULT=0
2026-05-07T17:33:47+00:00 RETRIEVE_COOKIE=1 COOKIE_VAL=FelefdrkZPT7o?T2la_X!632po#1B2Tv... (len=255) SESSION_TOKEN=1 SESSION_VAL=!RJ4C?zE7#3W4a//1Yk!F53;uQ?t136q... (len=255)
2026-05-07T17:33:47+00:00 RETRIEVE_RESULT=0
2026-05-07T17:55:44+00:00 RETRIEVE_COOKIE=1 COOKIE_VAL=FelefdrkZPT7o?T2la_X!632po#1B2Tv... (len=255) SESSION_TOKEN=1 SESSION_VAL=!RJ4C?zE7#3W4a//1Yk!F53;uQ?t136q... (len=255)
2026-05-07T17:55:44+00:00 RETRIEVE_RESULT=1
[2026-05-07 17:55:44] [IP:::1] Login sayfası açıldı
[2026-05-07 17:55:44] [IP:::1] Zaten giriş yapılmış → /my/home yönlendirildi
2026-05-07T17:55:44+00:00 RETRIEVE_COOKIE=1 COOKIE_VAL=FelefdrkZPT7o?T2la_X!632po#1B2Tv... (len=255) SESSION_TOKEN=1 SESSION_VAL=!RJ4C?zE7#3W4a//1Yk!F53;uQ?t136q... (len=255)
2026-05-07T17:55:44+00:00 RETRIEVE_RESULT=1
[2026-05-07 17:55:44] [IP:::1] Login sayfası açıldı
[2026-05-07 17:55:44] [IP:::1] Zaten giriş yapılmış → /my/home yönlendirildi
2026-05-07T17:55:44+00:00 RETRIEVE_COOKIE=1 COOKIE_VAL=FelefdrkZPT7o?T2la_X!632po#1B2Tv... (len=255) SESSION_TOKEN=1 SESSION_VAL=!RJ4C?zE7#3W4a//1Yk!F53;uQ?t136q... (len=255)
2026-05-07T17:55:44+00:00 RETRIEVE_RESULT=1
2026-05-07T17:55:44+00:00 RETRIEVE_COOKIE=1 COOKIE_VAL=FelefdrkZPT7o?T2la_X!632po#1B2Tv... (len=255) SESSION_TOKEN=1 SESSION_VAL=!RJ4C?zE7#3W4a//1Yk!F53;uQ?t136q... (len=255)
2026-05-07T17:55:44+00:00 RETRIEVE_RESULT=1
[2026-05-07 17:55:44] [IP:::1] Login sayfası açıldı
[2026-05-07 17:55:44] [IP:::1] Zaten giriş yapılmış → /my/home yönlendirildi
2026-05-07T17:55:44+00:00 RETRIEVE_COOKIE=1 COOKIE_VAL=FelefdrkZPT7o?T2la_X!632po#1B2Tv... (len=255) SESSION_TOKEN=1 SESSION_VAL=!RJ4C?zE7#3W4a//1Yk!F53;uQ?t136q... (len=255)
2026-05-07T17:55:44+00:00 RETRIEVE_RESULT=1
2026-05-07T17:55:45+00:00 RETRIEVE_COOKIE=1 COOKIE_VAL=FelefdrkZPT7o?T2la_X!632po#1B2Tv... (len=255) SESSION_TOKEN=1 SESSION_VAL=!RJ4C?zE7#3W4a//1Yk!F53;uQ?t136q... (len=255)
2026-05-07T17:55:45+00:00 RETRIEVE_RESULT=1
2026-05-07T17:55:45+00:00 RETRIEVE_COOKIE=1 COOKIE_VAL=FelefdrkZPT7o?T2la_X!632po#1B2Tv... (len=255) SESSION_TOKEN=1 SESSION_VAL=!RJ4C?zE7#3W4a//1Yk!F53;uQ?t136q... (len=255)
2026-05-07T17:55:45+00:00 RETRIEVE_RESULT=1
2026-05-07T17:55:45+00:00 RETRIEVE_COOKIE=1 COOKIE_VAL=FelefdrkZPT7o?T2la_X!632po#1B2Tv... (len=255) SESSION_TOKEN=1 SESSION_VAL=!RJ4C?zE7#3W4a//1Yk!F53;uQ?t136q... (len=255)
2026-05-07T17:55:45+00:00 RETRIEVE_RESULT=1
2026-05-07T17:55:45+00:00 RETRIEVE_COOKIE=1 COOKIE_VAL=FelefdrkZPT7o?T2la_X!632po#1B2Tv... (len=255) SESSION_TOKEN=1 SESSION_VAL=!RJ4C?zE7#3W4a//1Yk!F53;uQ?t136q... (len=255)
2026-05-07T17:55:45+00:00 RETRIEVE_RESULT=1
2026-05-07T17:55:45+00:00 RETRIEVE_COOKIE=1 COOKIE_VAL=FelefdrkZPT7o?T2la_X!632po#1B2Tv... (len=255) SESSION_TOKEN=1 SESSION_VAL=!RJ4C?zE7#3W4a//1Yk!F53;uQ?t136q... (len=255)
2026-05-07T17:55:46+00:00 RETRIEVE_RESULT=1
2026-05-07T17:55:46+00:00 RETRIEVE_COOKIE=1 COOKIE_VAL=FelefdrkZPT7o?T2la_X!632po#1B2Tv... (len=255) SESSION_TOKEN=1 SESSION_VAL=!RJ4C?zE7#3W4a//1Yk!F53;uQ?t136q... (len=255)
2026-05-07T17:55:46+00:00 RETRIEVE_RESULT=1
2026-05-07T17:55:46+00:00 RETRIEVE_COOKIE=1 COOKIE_VAL=FelefdrkZPT7o?T2la_X!632po#1B2Tv... (len=255) SESSION_TOKEN=1 SESSION_VAL=!RJ4C?zE7#3W4a//1Yk!F53;uQ?t136q... (len=255)
2026-05-07T17:55:46+00:00 RETRIEVE_RESULT=1
2026-05-07T17:55:46+00:00 RETRIEVE_COOKIE=1 COOKIE_VAL=FelefdrkZPT7o?T2la_X!632po#1B2Tv... (len=255) SESSION_TOKEN=1 SESSION_VAL=!RJ4C?zE7#3W4a//1Yk!F53;uQ?t136q... (len=255)
2026-05-07T17:55:46+00:00 RETRIEVE_RESULT=1
2026-05-07T17:55:48+00:00 RETRIEVE_COOKIE=1 COOKIE_VAL=FelefdrkZPT7o?T2la_X!632po#1B2Tv... (len=255) SESSION_TOKEN=1 SESSION_VAL=!RJ4C?zE7#3W4a//1Yk!F53;uQ?t136q... (len=255)
2026-05-07T17:55:48+00:00 RETRIEVE_RESULT=1
2026-05-07T17:55:48+00:00 RETRIEVE_COOKIE=1 COOKIE_VAL=FelefdrkZPT7o?T2la_X!632po#1B2Tv... (len=255) SESSION_TOKEN=1 SESSION_VAL=!RJ4C?zE7#3W4a//1Yk!F53;uQ?t136q... (len=255)
2026-05-07T17:55:48+00:00 RETRIEVE_RESULT=1
2026-05-07T17:55:48+00:00 RETRIEVE_COOKIE=1 COOKIE_VAL=FelefdrkZPT7o?T2la_X!632po#1B2Tv... (len=255) SESSION_TOKEN=1 SESSION_VAL=!RJ4C?zE7#3W4a//1Yk!F53;uQ?t136q... (len=255)
2026-05-07T17:55:48+00:00 RETRIEVE_RESULT=1
2026-05-07T17:55:49+00:00 RETRIEVE_COOKIE=1 COOKIE_VAL=FelefdrkZPT7o?T2la_X!632po#1B2Tv... (len=255) SESSION_TOKEN=1 SESSION_VAL=!RJ4C?zE7#3W4a//1Yk!F53;uQ?t136q... (len=255)
2026-05-07T17:55:49+00:00 RETRIEVE_RESULT=1
2026-05-07T17:55:49+00:00 RETRIEVE_COOKIE=1 COOKIE_VAL=FelefdrkZPT7o?T2la_X!632po#1B2Tv... (len=255) SESSION_TOKEN=1 SESSION_VAL=!RJ4C?zE7#3W4a//1Yk!F53;uQ?t136q... (len=255)
2026-05-07T17:55:49+00:00 RETRIEVE_RESULT=1
2026-05-07T17:55:49+00:00 RETRIEVE_COOKIE=1 COOKIE_VAL=FelefdrkZPT7o?T2la_X!632po#1B2Tv... (len=255) SESSION_TOKEN=1 SESSION_VAL=!RJ4C?zE7#3W4a//1Yk!F53;uQ?t136q... (len=255)
2026-05-07T17:55:49+00:00 RETRIEVE_RESULT=1
2026-05-07T17:55:49+00:00 RETRIEVE_COOKIE=1 COOKIE_VAL=!RJ4C?zE7#3W4a//1Yk!F53;uQ?t136q... (len=255) SESSION_TOKEN=1 SESSION_VAL=!RJ4C?zE7#3W4a//1Yk!F53;uQ?t136q... (len=255)
2026-05-07T17:55:49+00:00 RETRIEVE_RESULT=1
2026-05-07T17:55:49+00:00 RETRIEVE_COOKIE=1 COOKIE_VAL=!RJ4C?zE7#3W4a//1Yk!F53;uQ?t136q... (len=255) SESSION_TOKEN=1 SESSION_VAL=!RJ4C?zE7#3W4a//1Yk!F53;uQ?t136q... (len=255)
2026-05-07T17:55:49+00:00 RETRIEVE_RESULT=1
2026-05-07T17:55:49+00:00 RETRIEVE_COOKIE=1 COOKIE_VAL=!RJ4C?zE7#3W4a//1Yk!F53;uQ?t136q... (len=255) SESSION_TOKEN=1 SESSION_VAL=!RJ4C?zE7#3W4a//1Yk!F53;uQ?t136q... (len=255)
2026-05-07T17:55:49+00:00 RETRIEVE_RESULT=1
2026-05-07T17:55:49+00:00 RETRIEVE_COOKIE=1 COOKIE_VAL=FelefdrkZPT7o?T2la_X!632po#1B2Tv... (len=255) SESSION_TOKEN=1 SESSION_VAL=!RJ4C?zE7#3W4a//1Yk!F53;uQ?t136q... (len=255)
2026-05-07T17:55:49+00:00 RETRIEVE_RESULT=1
2026-05-07T17:55:49+00:00 RETRIEVE_COOKIE=1 COOKIE_VAL=FelefdrkZPT7o?T2la_X!632po#1B2Tv... (len=255) SESSION_TOKEN=1 SESSION_VAL=!RJ4C?zE7#3W4a//1Yk!F53;uQ?t136q... (len=255)
2026-05-07T17:55:49+00:00 RETRIEVE_RESULT=1
2026-05-07T17:55:51+00:00 RETRIEVE_COOKIE=1 COOKIE_VAL=FelefdrkZPT7o?T2la_X!632po#1B2Tv... (len=255) SESSION_TOKEN=1 SESSION_VAL=!RJ4C?zE7#3W4a//1Yk!F53;uQ?t136q... (len=255)
2026-05-07T17:55:51+00:00 RETRIEVE_RESULT=1
2026-05-07T17:55:51+00:00 RETRIEVE_COOKIE=1 COOKIE_VAL=FelefdrkZPT7o?T2la_X!632po#1B2Tv... (len=255) SESSION_TOKEN=1 SESSION_VAL=!RJ4C?zE7#3W4a//1Yk!F53;uQ?t136q... (len=255)
2026-05-07T17:55:51+00:00 RETRIEVE_RESULT=1
2026-05-07T17:55:51+00:00 RETRIEVE_COOKIE=1 COOKIE_VAL=FelefdrkZPT7o?T2la_X!632po#1B2Tv... (len=255) SESSION_TOKEN=1 SESSION_VAL=!RJ4C?zE7#3W4a//1Yk!F53;uQ?t136q... (len=255)
2026-05-07T17:55:51+00:00 RETRIEVE_RESULT=1
2026-05-07T17:55:52+00:00 RETRIEVE_COOKIE=1 COOKIE_VAL=FelefdrkZPT7o?T2la_X!632po#1B2Tv... (len=255) SESSION_TOKEN=1 SESSION_VAL=!RJ4C?zE7#3W4a//1Yk!F53;uQ?t136q... (len=255)
2026-05-07T17:55:52+00:00 RETRIEVE_RESULT=1
2026-05-07T17:55:52+00:00 RETRIEVE_COOKIE=1 COOKIE_VAL=FelefdrkZPT7o?T2la_X!632po#1B2Tv... (len=255) SESSION_TOKEN=1 SESSION_VAL=!RJ4C?zE7#3W4a//1Yk!F53;uQ?t136q... (len=255)
2026-05-07T17:55:52+00:00 RETRIEVE_RESULT=1
2026-05-07T17:55:52+00:00 RETRIEVE_COOKIE=1 COOKIE_VAL=FelefdrkZPT7o?T2la_X!632po#1B2Tv... (len=255) SESSION_TOKEN=1 SESSION_VAL=!RJ4C?zE7#3W4a//1Yk!F53;uQ?t136q... (len=255)
2026-05-07T17:55:52+00:00 RETRIEVE_RESULT=1
2026-05-07T17:55:52+00:00 RETRIEVE_COOKIE=1 COOKIE_VAL=FelefdrkZPT7o?T2la_X!632po#1B2Tv... (len=255) SESSION_TOKEN=1 SESSION_VAL=!RJ4C?zE7#3W4a//1Yk!F53;uQ?t136q... (len=255)
2026-05-07T17:55:52+00:00 RETRIEVE_RESULT=1
2026-05-07T17:55:52+00:00 RETRIEVE_COOKIE=1 COOKIE_VAL=FelefdrkZPT7o?T2la_X!632po#1B2Tv... (len=255) SESSION_TOKEN=1 SESSION_VAL=!RJ4C?zE7#3W4a//1Yk!F53;uQ?t136q... (len=255)
2026-05-07T17:55:52+00:00 RETRIEVE_RESULT=1
2026-05-07T17:55:52+00:00 RETRIEVE_COOKIE=1 COOKIE_VAL=FelefdrkZPT7o?T2la_X!632po#1B2Tv... (len=255) SESSION_TOKEN=1 SESSION_VAL=!RJ4C?zE7#3W4a//1Yk!F53;uQ?t136q... (len=255)
2026-05-07T17:55:52+00:00 RETRIEVE_RESULT=1
2026-05-07T17:55:52+00:00 RETRIEVE_COOKIE=1 COOKIE_VAL=FelefdrkZPT7o?T2la_X!632po#1B2Tv... (len=255) SESSION_TOKEN=1 SESSION_VAL=!RJ4C?zE7#3W4a//1Yk!F53;uQ?t136q... (len=255)
2026-05-07T17:55:52+00:00 RETRIEVE_RESULT=1
2026-05-07T17:55:53+00:00 RETRIEVE_COOKIE=1 COOKIE_VAL=FelefdrkZPT7o?T2la_X!632po#1B2Tv... (len=255) SESSION_TOKEN=1 SESSION_VAL=!RJ4C?zE7#3W4a//1Yk!F53;uQ?t136q... (len=255)
2026-05-07T17:55:53+00:00 RETRIEVE_RESULT=1
2026-05-07T17:55:53+00:00 RETRIEVE_COOKIE=1 COOKIE_VAL=FelefdrkZPT7o?T2la_X!632po#1B2Tv... (len=255) SESSION_TOKEN=1 SESSION_VAL=!RJ4C?zE7#3W4a//1Yk!F53;uQ?t136q... (len=255)
2026-05-07T17:55:53+00:00 RETRIEVE_RESULT=1
2026-05-07T17:55:53+00:00 RETRIEVE_COOKIE=1 COOKIE_VAL=FelefdrkZPT7o?T2la_X!632po#1B2Tv... (len=255) SESSION_TOKEN=1 SESSION_VAL=!RJ4C?zE7#3W4a//1Yk!F53;uQ?t136q... (len=255)
2026-05-07T17:55:53+00:00 RETRIEVE_RESULT=1
2026-05-07T17:55:53+00:00 RETRIEVE_COOKIE=1 COOKIE_VAL=FelefdrkZPT7o?T2la_X!632po#1B2Tv... (len=255) SESSION_TOKEN=1 SESSION_VAL=!RJ4C?zE7#3W4a//1Yk!F53;uQ?t136q... (len=255)
2026-05-07T17:55:53+00:00 RETRIEVE_RESULT=1
2026-05-07T17:55:53+00:00 RETRIEVE_COOKIE=1 COOKIE_VAL=FelefdrkZPT7o?T2la_X!632po#1B2Tv... (len=255) SESSION_TOKEN=1 SESSION_VAL=!RJ4C?zE7#3W4a//1Yk!F53;uQ?t136q... (len=255)
2026-05-07T17:55:53+00:00 RETRIEVE_RESULT=1
2026-05-07T17:55:53+00:00 RETRIEVE_COOKIE=1 COOKIE_VAL=FelefdrkZPT7o?T2la_X!632po#1B2Tv... (len=255) SESSION_TOKEN=1 SESSION_VAL=!RJ4C?zE7#3W4a//1Yk!F53;uQ?t136q... (len=255)
2026-05-07T17:55:53+00:00 RETRIEVE_RESULT=1
2026-05-07T17:55:54+00:00 RETRIEVE_COOKIE=1 COOKIE_VAL=FelefdrkZPT7o?T2la_X!632po#1B2Tv... (len=255) SESSION_TOKEN=1 SESSION_VAL=!RJ4C?zE7#3W4a//1Yk!F53;uQ?t136q... (len=255)
2026-05-07T17:55:54+00:00 RETRIEVE_RESULT=1
2026-05-07T17:55:54+00:00 RETRIEVE_COOKIE=1 COOKIE_VAL=FelefdrkZPT7o?T2la_X!632po#1B2Tv... (len=255) SESSION_TOKEN=1 SESSION_VAL=!RJ4C?zE7#3W4a//1Yk!F53;uQ?t136q... (len=255)
2026-05-07T17:55:54+00:00 RETRIEVE_RESULT=1
2026-05-07T17:55:54+00:00 RETRIEVE_COOKIE=1 COOKIE_VAL=FelefdrkZPT7o?T2la_X!632po#1B2Tv... (len=255) SESSION_TOKEN=1 SESSION_VAL=!RJ4C?zE7#3W4a//1Yk!F53;uQ?t136q... (len=255)
2026-05-07T17:55:54+00:00 RETRIEVE_RESULT=1
2026-05-07T17:55:54+00:00 RETRIEVE_COOKIE=1 COOKIE_VAL=FelefdrkZPT7o?T2la_X!632po#1B2Tv... (len=255) SESSION_TOKEN=1 SESSION_VAL=!RJ4C?zE7#3W4a//1Yk!F53;uQ?t136q... (len=255)
2026-05-07T17:55:54+00:00 RETRIEVE_RESULT=1
2026-05-07T17:55:56+00:00 RETRIEVE_COOKIE=1 COOKIE_VAL=FelefdrkZPT7o?T2la_X!632po#1B2Tv... (len=255) SESSION_TOKEN=1 SESSION_VAL=!RJ4C?zE7#3W4a//1Yk!F53;uQ?t136q... (len=255)
2026-05-07T17:55:56+00:00 RETRIEVE_RESULT=1
2026-05-07T17:55:56+00:00 RETRIEVE_COOKIE=1 COOKIE_VAL=FelefdrkZPT7o?T2la_X!632po#1B2Tv... (len=255) SESSION_TOKEN=1 SESSION_VAL=!RJ4C?zE7#3W4a//1Yk!F53;uQ?t136q... (len=255)
2026-05-07T17:55:56+00:00 RETRIEVE_RESULT=1
2026-05-07T17:55:57+00:00 RETRIEVE_COOKIE=1 COOKIE_VAL=FelefdrkZPT7o?T2la_X!632po#1B2Tv... (len=255) SESSION_TOKEN=1 SESSION_VAL=!RJ4C?zE7#3W4a//1Yk!F53;uQ?t136q... (len=255)
2026-05-07T17:55:57+00:00 RETRIEVE_RESULT=1
2026-05-07T17:55:57+00:00 RETRIEVE_COOKIE=1 COOKIE_VAL=FelefdrkZPT7o?T2la_X!632po#1B2Tv... (len=255) SESSION_TOKEN=1 SESSION_VAL=!RJ4C?zE7#3W4a//1Yk!F53;uQ?t136q... (len=255)
2026-05-07T17:55:57+00:00 RETRIEVE_RESULT=1
2026-05-07T17:56:03+00:00 RETRIEVE_COOKIE=1 COOKIE_VAL=FelefdrkZPT7o?T2la_X!632po#1B2Tv... (len=255) SESSION_TOKEN=1 SESSION_VAL=!RJ4C?zE7#3W4a//1Yk!F53;uQ?t136q... (len=255)
2026-05-07T17:56:03+00:00 RETRIEVE_RESULT=1
2026-05-07T17:56:03+00:00 RETRIEVE_COOKIE=1 COOKIE_VAL=FelefdrkZPT7o?T2la_X!632po#1B2Tv... (len=255) SESSION_TOKEN=1 SESSION_VAL=!RJ4C?zE7#3W4a//1Yk!F53;uQ?t136q... (len=255)
2026-05-07T17:56:03+00:00 RETRIEVE_RESULT=1
2026-05-07T17:56:03+00:00 RETRIEVE_COOKIE=1 COOKIE_VAL=FelefdrkZPT7o?T2la_X!632po#1B2Tv... (len=255) SESSION_TOKEN=1 SESSION_VAL=!RJ4C?zE7#3W4a//1Yk!F53;uQ?t136q... (len=255)
2026-05-07T17:56:03+00:00 RETRIEVE_RESULT=1
2026-05-07T17:56:03+00:00 RETRIEVE_COOKIE=1 COOKIE_VAL=FelefdrkZPT7o?T2la_X!632po#1B2Tv... (len=255) SESSION_TOKEN=1 SESSION_VAL=!RJ4C?zE7#3W4a//1Yk!F53;uQ?t136q... (len=255)
2026-05-07T17:56:03+00:00 RETRIEVE_RESULT=1
2026-05-07T17:56:03+00:00 RETRIEVE_COOKIE=1 COOKIE_VAL=FelefdrkZPT7o?T2la_X!632po#1B2Tv... (len=255) SESSION_TOKEN=1 SESSION_VAL=!RJ4C?zE7#3W4a//1Yk!F53;uQ?t136q... (len=255)
2026-05-07T17:56:03+00:00 RETRIEVE_RESULT=1
2026-05-07T17:56:04+00:00 RETRIEVE_COOKIE=1 COOKIE_VAL=!RJ4C?zE7#3W4a//1Yk!F53;uQ?t136q... (len=255) SESSION_TOKEN=1 SESSION_VAL=!RJ4C?zE7#3W4a//1Yk!F53;uQ?t136q... (len=255)
2026-05-07T17:56:04+00:00 RETRIEVE_RESULT=1
2026-05-07T17:56:04+00:00 RETRIEVE_COOKIE=1 COOKIE_VAL=!RJ4C?zE7#3W4a//1Yk!F53;uQ?t136q... (len=255) SESSION_TOKEN=1 SESSION_VAL=!RJ4C?zE7#3W4a//1Yk!F53;uQ?t136q... (len=255)
2026-05-07T17:56:04+00:00 RETRIEVE_RESULT=1
2026-05-07T17:56:04+00:00 RETRIEVE_COOKIE=1 COOKIE_VAL=!RJ4C?zE7#3W4a//1Yk!F53;uQ?t136q... (len=255) SESSION_TOKEN=1 SESSION_VAL=!RJ4C?zE7#3W4a//1Yk!F53;uQ?t136q... (len=255)
2026-05-07T17:56:04+00:00 RETRIEVE_RESULT=1
2026-05-07T17:56:04+00:00 RETRIEVE_COOKIE=1 COOKIE_VAL=FelefdrkZPT7o?T2la_X!632po#1B2Tv... (len=255) SESSION_TOKEN=1 SESSION_VAL=!RJ4C?zE7#3W4a//1Yk!F53;uQ?t136q... (len=255)
2026-05-07T17:56:04+00:00 RETRIEVE_RESULT=1
2026-05-07T17:56:04+00:00 RETRIEVE_COOKIE=1 COOKIE_VAL=FelefdrkZPT7o?T2la_X!632po#1B2Tv... (len=255) SESSION_TOKEN=1 SESSION_VAL=!RJ4C?zE7#3W4a//1Yk!F53;uQ?t136q... (len=255)
2026-05-07T17:56:04+00:00 RETRIEVE_RESULT=1
2026-05-07T17:56:04+00:00 RETRIEVE_COOKIE=1 COOKIE_VAL=FelefdrkZPT7o?T2la_X!632po#1B2Tv... (len=255) SESSION_TOKEN=1 SESSION_VAL=!RJ4C?zE7#3W4a//1Yk!F53;uQ?t136q... (len=255)
2026-05-07T17:56:04+00:00 RETRIEVE_RESULT=1
2026-05-07T17:56:04+00:00 RETRIEVE_COOKIE=1 COOKIE_VAL=FelefdrkZPT7o?T2la_X!632po#1B2Tv... (len=255) SESSION_TOKEN=1 SESSION_VAL=!RJ4C?zE7#3W4a//1Yk!F53;uQ?t136q... (len=255)
2026-05-07T17:56:04+00:00 RETRIEVE_RESULT=1
2026-05-07T17:56:05+00:00 RETRIEVE_COOKIE=1 COOKIE_VAL=FelefdrkZPT7o?T2la_X!632po#1B2Tv... (len=255) SESSION_TOKEN=1 SESSION_VAL=!RJ4C?zE7#3W4a//1Yk!F53;uQ?t136q... (len=255)
2026-05-07T17:56:05+00:00 RETRIEVE_RESULT=1
2026-05-07T17:56:05+00:00 RETRIEVE_COOKIE=1 COOKIE_VAL=FelefdrkZPT7o?T2la_X!632po#1B2Tv... (len=255) SESSION_TOKEN=1 SESSION_VAL=!RJ4C?zE7#3W4a//1Yk!F53;uQ?t136q... (len=255)
2026-05-07T17:56:05+00:00 RETRIEVE_RESULT=1
2026-05-07T17:56:05+00:00 RETRIEVE_COOKIE=1 COOKIE_VAL=FelefdrkZPT7o?T2la_X!632po#1B2Tv... (len=255) SESSION_TOKEN=1 SESSION_VAL=!RJ4C?zE7#3W4a//1Yk!F53;uQ?t136q... (len=255)
2026-05-07T17:56:05+00:00 RETRIEVE_RESULT=1
2026-05-07T17:56:05+00:00 RETRIEVE_COOKIE=1 COOKIE_VAL=FelefdrkZPT7o?T2la_X!632po#1B2Tv... (len=255) SESSION_TOKEN=1 SESSION_VAL=!RJ4C?zE7#3W4a//1Yk!F53;uQ?t136q... (len=255)
2026-05-07T17:56:05+00:00 RETRIEVE_RESULT=1
2026-05-07T17:56:05+00:00 RETRIEVE_COOKIE=1 COOKIE_VAL=FelefdrkZPT7o?T2la_X!632po#1B2Tv... (len=255) SESSION_TOKEN=1 SESSION_VAL=!RJ4C?zE7#3W4a//1Yk!F53;uQ?t136q... (len=255)
2026-05-07T17:56:05+00:00 RETRIEVE_RESULT=1
2026-05-07T17:56:05+00:00 RETRIEVE_COOKIE=1 COOKIE_VAL=FelefdrkZPT7o?T2la_X!632po#1B2Tv... (len=255) SESSION_TOKEN=1 SESSION_VAL=!RJ4C?zE7#3W4a//1Yk!F53;uQ?t136q... (len=255)
2026-05-07T17:56:05+00:00 RETRIEVE_RESULT=1
2026-05-07T17:56:05+00:00 RETRIEVE_COOKIE=1 COOKIE_VAL=FelefdrkZPT7o?T2la_X!632po#1B2Tv... (len=255) SESSION_TOKEN=1 SESSION_VAL=!RJ4C?zE7#3W4a//1Yk!F53;uQ?t136q... (len=255)
2026-05-07T17:56:05+00:00 RETRIEVE_RESULT=1
2026-05-07T17:56:05+00:00 RETRIEVE_COOKIE=1 COOKIE_VAL=FelefdrkZPT7o?T2la_X!632po#1B2Tv... (len=255) SESSION_TOKEN=1 SESSION_VAL=!RJ4C?zE7#3W4a//1Yk!F53;uQ?t136q... (len=255)
2026-05-07T17:56:05+00:00 RETRIEVE_RESULT=1
2026-05-07T17:56:46+00:00 RETRIEVE_COOKIE=1 COOKIE_VAL=FelefdrkZPT7o?T2la_X!632po#1B2Tv... (len=255) SESSION_TOKEN=1 SESSION_VAL=!RJ4C?zE7#3W4a//1Yk!F53;uQ?t136q... (len=255)
2026-05-07T17:56:46+00:00 RETRIEVE_RESULT=1
2026-05-07T17:56:47+00:00 RETRIEVE_COOKIE=1 COOKIE_VAL=FelefdrkZPT7o?T2la_X!632po#1B2Tv... (len=255) SESSION_TOKEN=1 SESSION_VAL=!RJ4C?zE7#3W4a//1Yk!F53;uQ?t136q... (len=255)
2026-05-07T17:56:47+00:00 RETRIEVE_RESULT=1
2026-05-07T17:56:47+00:00 RETRIEVE_COOKIE=1 COOKIE_VAL=FelefdrkZPT7o?T2la_X!632po#1B2Tv... (len=255) SESSION_TOKEN=1 SESSION_VAL=!RJ4C?zE7#3W4a//1Yk!F53;uQ?t136q... (len=255)
2026-05-07T17:56:47+00:00 RETRIEVE_RESULT=1
2026-05-07T17:56:47+00:00 RETRIEVE_COOKIE=1 COOKIE_VAL=FelefdrkZPT7o?T2la_X!632po#1B2Tv... (len=255) SESSION_TOKEN=1 SESSION_VAL=!RJ4C?zE7#3W4a//1Yk!F53;uQ?t136q... (len=255)
2026-05-07T17:56:47+00:00 RETRIEVE_RESULT=1
2026-05-07T17:56:47+00:00 RETRIEVE_COOKIE=1 COOKIE_VAL=FelefdrkZPT7o?T2la_X!632po#1B2Tv... (len=255) SESSION_TOKEN=1 SESSION_VAL=!RJ4C?zE7#3W4a//1Yk!F53;uQ?t136q... (len=255)
2026-05-07T17:56:47+00:00 RETRIEVE_RESULT=1
2026-05-07T17:56:47+00:00 RETRIEVE_COOKIE=1 COOKIE_VAL=FelefdrkZPT7o?T2la_X!632po#1B2Tv... (len=255) SESSION_TOKEN=1 SESSION_VAL=!RJ4C?zE7#3W4a//1Yk!F53;uQ?t136q... (len=255)
2026-05-07T17:56:47+00:00 RETRIEVE_RESULT=1
2026-05-07T17:56:47+00:00 RETRIEVE_COOKIE=1 COOKIE_VAL=FelefdrkZPT7o?T2la_X!632po#1B2Tv... (len=255) SESSION_TOKEN=1 SESSION_VAL=!RJ4C?zE7#3W4a//1Yk!F53;uQ?t136q... (len=255)
2026-05-07T17:56:47+00:00 RETRIEVE_RESULT=1
2026-05-07T17:56:48+00:00 RETRIEVE_COOKIE=1 COOKIE_VAL=FelefdrkZPT7o?T2la_X!632po#1B2Tv... (len=255) SESSION_TOKEN=1 SESSION_VAL=!RJ4C?zE7#3W4a//1Yk!F53;uQ?t136q... (len=255)
2026-05-07T17:56:48+00:00 RETRIEVE_RESULT=1
2026-05-07T17:56:48+00:00 RETRIEVE_COOKIE=1 COOKIE_VAL=FelefdrkZPT7o?T2la_X!632po#1B2Tv... (len=255) SESSION_TOKEN=1 SESSION_VAL=!RJ4C?zE7#3W4a//1Yk!F53;uQ?t136q... (len=255)
2026-05-07T17:56:48+00:00 RETRIEVE_RESULT=1
2026-05-07T17:56:59+00:00 RETRIEVE_COOKIE=1 COOKIE_VAL=FelefdrkZPT7o?T2la_X!632po#1B2Tv... (len=255) SESSION_TOKEN=1 SESSION_VAL=!RJ4C?zE7#3W4a//1Yk!F53;uQ?t136q... (len=255)
2026-05-07T17:56:59+00:00 RETRIEVE_RESULT=1
2026-05-07T17:56:59+00:00 RETRIEVE_COOKIE=1 COOKIE_VAL=FelefdrkZPT7o?T2la_X!632po#1B2Tv... (len=255) SESSION_TOKEN=1 SESSION_VAL=!RJ4C?zE7#3W4a//1Yk!F53;uQ?t136q... (len=255)
2026-05-07T17:56:59+00:00 RETRIEVE_RESULT=1
2026-05-07T17:57:00+00:00 RETRIEVE_COOKIE=1 COOKIE_VAL=FelefdrkZPT7o?T2la_X!632po#1B2Tv... (len=255) SESSION_TOKEN=1 SESSION_VAL=!RJ4C?zE7#3W4a//1Yk!F53;uQ?t136q... (len=255)
2026-05-07T17:57:00+00:00 RETRIEVE_RESULT=1
2026-05-07T17:57:00+00:00 RETRIEVE_COOKIE=1 COOKIE_VAL=FelefdrkZPT7o?T2la_X!632po#1B2Tv... (len=255) SESSION_TOKEN=1 SESSION_VAL=!RJ4C?zE7#3W4a//1Yk!F53;uQ?t136q... (len=255)
2026-05-07T17:57:00+00:00 RETRIEVE_RESULT=1
2026-05-07T17:57:00+00:00 RETRIEVE_COOKIE=1 COOKIE_VAL=FelefdrkZPT7o?T2la_X!632po#1B2Tv... (len=255) SESSION_TOKEN=1 SESSION_VAL=!RJ4C?zE7#3W4a//1Yk!F53;uQ?t136q... (len=255)
2026-05-07T17:57:00+00:00 RETRIEVE_RESULT=1
2026-05-07T17:57:00+00:00 RETRIEVE_COOKIE=1 COOKIE_VAL=FelefdrkZPT7o?T2la_X!632po#1B2Tv... (len=255) SESSION_TOKEN=1 SESSION_VAL=!RJ4C?zE7#3W4a//1Yk!F53;uQ?t136q... (len=255)
2026-05-07T17:57:00+00:00 RETRIEVE_RESULT=1
2026-05-07T17:57:00+00:00 RETRIEVE_COOKIE=1 COOKIE_VAL=FelefdrkZPT7o?T2la_X!632po#1B2Tv... (len=255) SESSION_TOKEN=1 SESSION_VAL=!RJ4C?zE7#3W4a//1Yk!F53;uQ?t136q... (len=255)
2026-05-07T17:57:00+00:00 RETRIEVE_RESULT=1
2026-05-07T17:57:00+00:00 RETRIEVE_COOKIE=1 COOKIE_VAL=FelefdrkZPT7o?T2la_X!632po#1B2Tv... (len=255) SESSION_TOKEN=1 SESSION_VAL=!RJ4C?zE7#3W4a//1Yk!F53;uQ?t136q... (len=255)
2026-05-07T17:57:00+00:00 RETRIEVE_RESULT=1
2026-05-07T17:57:00+00:00 RETRIEVE_COOKIE=1 COOKIE_VAL=FelefdrkZPT7o?T2la_X!632po#1B2Tv... (len=255) SESSION_TOKEN=1 SESSION_VAL=!RJ4C?zE7#3W4a//1Yk!F53;uQ?t136q... (len=255)
2026-05-07T17:57:00+00:00 RETRIEVE_RESULT=1
2026-05-07T17:57:01+00:00 RETRIEVE_COOKIE=1 COOKIE_VAL=FelefdrkZPT7o?T2la_X!632po#1B2Tv... (len=255) SESSION_TOKEN=1 SESSION_VAL=!RJ4C?zE7#3W4a//1Yk!F53;uQ?t136q... (len=255)
2026-05-07T17:57:01+00:00 RETRIEVE_RESULT=1
2026-05-07T17:57:01+00:00 RETRIEVE_COOKIE=1 COOKIE_VAL=FelefdrkZPT7o?T2la_X!632po#1B2Tv... (len=255) SESSION_TOKEN=1 SESSION_VAL=!RJ4C?zE7#3W4a//1Yk!F53;uQ?t136q... (len=255)
2026-05-07T17:57:01+00:00 RETRIEVE_RESULT=1
2026-05-07T17:57:01+00:00 RETRIEVE_COOKIE=1 COOKIE_VAL=FelefdrkZPT7o?T2la_X!632po#1B2Tv... (len=255) SESSION_TOKEN=1 SESSION_VAL=!RJ4C?zE7#3W4a//1Yk!F53;uQ?t136q... (len=255)
2026-05-07T17:57:02+00:00 RETRIEVE_RESULT=1
2026-05-07T17:57:02+00:00 RETRIEVE_COOKIE=1 COOKIE_VAL=FelefdrkZPT7o?T2la_X!632po#1B2Tv... (len=255) SESSION_TOKEN=1 SESSION_VAL=!RJ4C?zE7#3W4a//1Yk!F53;uQ?t136q... (len=255)
2026-05-07T17:57:02+00:00 RETRIEVE_RESULT=1
2026-05-07T17:57:02+00:00 RETRIEVE_COOKIE=1 COOKIE_VAL=FelefdrkZPT7o?T2la_X!632po#1B2Tv... (len=255) SESSION_TOKEN=1 SESSION_VAL=!RJ4C?zE7#3W4a//1Yk!F53;uQ?t136q... (len=255)
2026-05-07T17:57:02+00:00 RETRIEVE_RESULT=1
2026-05-07T17:57:02+00:00 RETRIEVE_COOKIE=1 COOKIE_VAL=FelefdrkZPT7o?T2la_X!632po#1B2Tv... (len=255) SESSION_TOKEN=1 SESSION_VAL=!RJ4C?zE7#3W4a//1Yk!F53;uQ?t136q... (len=255)
2026-05-07T17:57:02+00:00 RETRIEVE_RESULT=1
2026-05-07T17:57:02+00:00 RETRIEVE_COOKIE=1 COOKIE_VAL=FelefdrkZPT7o?T2la_X!632po#1B2Tv... (len=255) SESSION_TOKEN=1 SESSION_VAL=!RJ4C?zE7#3W4a//1Yk!F53;uQ?t136q... (len=255)
2026-05-07T17:57:02+00:00 RETRIEVE_RESULT=1
2026-05-07T17:57:04+00:00 RETRIEVE_COOKIE=1 COOKIE_VAL=FelefdrkZPT7o?T2la_X!632po#1B2Tv... (len=255) SESSION_TOKEN=1 SESSION_VAL=!RJ4C?zE7#3W4a//1Yk!F53;uQ?t136q... (len=255)
2026-05-07T17:57:04+00:00 RETRIEVE_RESULT=1
2026-05-07T17:57:04+00:00 RETRIEVE_COOKIE=1 COOKIE_VAL=FelefdrkZPT7o?T2la_X!632po#1B2Tv... (len=255) SESSION_TOKEN=1 SESSION_VAL=!RJ4C?zE7#3W4a//1Yk!F53;uQ?t136q... (len=255)
2026-05-07T17:57:04+00:00 RETRIEVE_RESULT=1
2026-05-07T17:57:04+00:00 RETRIEVE_COOKIE=1 COOKIE_VAL=FelefdrkZPT7o?T2la_X!632po#1B2Tv... (len=255) SESSION_TOKEN=1 SESSION_VAL=!RJ4C?zE7#3W4a//1Yk!F53;uQ?t136q... (len=255)
2026-05-07T17:57:04+00:00 RETRIEVE_RESULT=1
2026-05-07T17:57:04+00:00 RETRIEVE_COOKIE=1 COOKIE_VAL=FelefdrkZPT7o?T2la_X!632po#1B2Tv... (len=255) SESSION_TOKEN=1 SESSION_VAL=!RJ4C?zE7#3W4a//1Yk!F53;uQ?t136q... (len=255)
2026-05-07T17:57:05+00:00 RETRIEVE_RESULT=1
2026-05-07T17:57:05+00:00 RETRIEVE_COOKIE=1 COOKIE_VAL=FelefdrkZPT7o?T2la_X!632po#1B2Tv... (len=255) SESSION_TOKEN=1 SESSION_VAL=!RJ4C?zE7#3W4a//1Yk!F53;uQ?t136q... (len=255)
2026-05-07T17:57:05+00:00 RETRIEVE_RESULT=1
2026-05-07T17:57:05+00:00 RETRIEVE_COOKIE=1 COOKIE_VAL=FelefdrkZPT7o?T2la_X!632po#1B2Tv... (len=255) SESSION_TOKEN=1 SESSION_VAL=!RJ4C?zE7#3W4a//1Yk!F53;uQ?t136q... (len=255)
2026-05-07T17:57:05+00:00 RETRIEVE_RESULT=1
2026-05-07T17:57:05+00:00 RETRIEVE_COOKIE=1 COOKIE_VAL=FelefdrkZPT7o?T2la_X!632po#1B2Tv... (len=255) SESSION_TOKEN=1 SESSION_VAL=!RJ4C?zE7#3W4a//1Yk!F53;uQ?t136q... (len=255)
2026-05-07T17:57:05+00:00 RETRIEVE_RESULT=1
2026-05-07T17:57:05+00:00 RETRIEVE_COOKIE=1 COOKIE_VAL=FelefdrkZPT7o?T2la_X!632po#1B2Tv... (len=255) SESSION_TOKEN=1 SESSION_VAL=!RJ4C?zE7#3W4a//1Yk!F53;uQ?t136q... (len=255)
2026-05-07T17:57:05+00:00 RETRIEVE_RESULT=1
2026-05-07T17:57:05+00:00 RETRIEVE_COOKIE=1 COOKIE_VAL=FelefdrkZPT7o?T2la_X!632po#1B2Tv... (len=255) SESSION_TOKEN=1 SESSION_VAL=!RJ4C?zE7#3W4a//1Yk!F53;uQ?t136q... (len=255)
2026-05-07T17:57:05+00:00 RETRIEVE_RESULT=1
2026-05-07T17:57:06+00:00 RETRIEVE_COOKIE=1 COOKIE_VAL=FelefdrkZPT7o?T2la_X!632po#1B2Tv... (len=255) SESSION_TOKEN=1 SESSION_VAL=!RJ4C?zE7#3W4a//1Yk!F53;uQ?t136q... (len=255)
2026-05-07T17:57:06+00:00 RETRIEVE_RESULT=1
2026-05-07T17:57:06+00:00 RETRIEVE_COOKIE=1 COOKIE_VAL=FelefdrkZPT7o?T2la_X!632po#1B2Tv... (len=255) SESSION_TOKEN=1 SESSION_VAL=!RJ4C?zE7#3W4a//1Yk!F53;uQ?t136q... (len=255)
2026-05-07T17:57:06+00:00 RETRIEVE_RESULT=1
2026-05-07T17:57:06+00:00 RETRIEVE_COOKIE=1 COOKIE_VAL=FelefdrkZPT7o?T2la_X!632po#1B2Tv... (len=255) SESSION_TOKEN=1 SESSION_VAL=!RJ4C?zE7#3W4a//1Yk!F53;uQ?t136q... (len=255)
2026-05-07T17:57:06+00:00 RETRIEVE_RESULT=1
2026-05-07T17:57:06+00:00 RETRIEVE_COOKIE=1 COOKIE_VAL=FelefdrkZPT7o?T2la_X!632po#1B2Tv... (len=255) SESSION_TOKEN=1 SESSION_VAL=!RJ4C?zE7#3W4a//1Yk!F53;uQ?t136q... (len=255)
2026-05-07T17:57:06+00:00 RETRIEVE_RESULT=1
2026-05-07T17:57:06+00:00 RETRIEVE_COOKIE=1 COOKIE_VAL=FelefdrkZPT7o?T2la_X!632po#1B2Tv... (len=255) SESSION_TOKEN=1 SESSION_VAL=!RJ4C?zE7#3W4a//1Yk!F53;uQ?t136q... (len=255)
2026-05-07T17:57:06+00:00 RETRIEVE_RESULT=1
2026-05-07T17:57:06+00:00 RETRIEVE_COOKIE=1 COOKIE_VAL=FelefdrkZPT7o?T2la_X!632po#1B2Tv... (len=255) SESSION_TOKEN=1 SESSION_VAL=!RJ4C?zE7#3W4a//1Yk!F53;uQ?t136q... (len=255)
2026-05-07T17:57:06+00:00 RETRIEVE_RESULT=1
2026-05-07T17:57:06+00:00 RETRIEVE_COOKIE=1 COOKIE_VAL=FelefdrkZPT7o?T2la_X!632po#1B2Tv... (len=255) SESSION_TOKEN=1 SESSION_VAL=!RJ4C?zE7#3W4a//1Yk!F53;uQ?t136q... (len=255)
2026-05-07T17:57:06+00:00 RETRIEVE_RESULT=1
2026-05-07T17:57:06+00:00 RETRIEVE_COOKIE=1 COOKIE_VAL=FelefdrkZPT7o?T2la_X!632po#1B2Tv... (len=255) SESSION_TOKEN=1 SESSION_VAL=!RJ4C?zE7#3W4a//1Yk!F53;uQ?t136q... (len=255)
2026-05-07T17:57:06+00:00 RETRIEVE_RESULT=1
2026-05-07T17:57:06+00:00 RETRIEVE_COOKIE=1 COOKIE_VAL=FelefdrkZPT7o?T2la_X!632po#1B2Tv... (len=255) SESSION_TOKEN=1 SESSION_VAL=!RJ4C?zE7#3W4a//1Yk!F53;uQ?t136q... (len=255)
2026-05-07T17:57:06+00:00 RETRIEVE_RESULT=1
2026-05-07T17:57:06+00:00 RETRIEVE_COOKIE=1 COOKIE_VAL=FelefdrkZPT7o?T2la_X!632po#1B2Tv... (len=255) SESSION_TOKEN=1 SESSION_VAL=!RJ4C?zE7#3W4a//1Yk!F53;uQ?t136q... (len=255)
2026-05-07T17:57:06+00:00 RETRIEVE_RESULT=1
2026-05-07T17:57:06+00:00 RETRIEVE_COOKIE=1 COOKIE_VAL=FelefdrkZPT7o?T2la_X!632po#1B2Tv... (len=255) SESSION_TOKEN=1 SESSION_VAL=!RJ4C?zE7#3W4a//1Yk!F53;uQ?t136q... (len=255)
2026-05-07T17:57:07+00:00 RETRIEVE_RESULT=1
2026-05-07T17:57:07+00:00 RETRIEVE_COOKIE=1 COOKIE_VAL=FelefdrkZPT7o?T2la_X!632po#1B2Tv... (len=255) SESSION_TOKEN=1 SESSION_VAL=!RJ4C?zE7#3W4a//1Yk!F53;uQ?t136q... (len=255)
2026-05-07T17:57:07+00:00 RETRIEVE_RESULT=1
2026-05-07T17:57:07+00:00 RETRIEVE_COOKIE=1 COOKIE_VAL=FelefdrkZPT7o?T2la_X!632po#1B2Tv... (len=255) SESSION_TOKEN=1 SESSION_VAL=!RJ4C?zE7#3W4a//1Yk!F53;uQ?t136q... (len=255)
2026-05-07T17:57:07+00:00 RETRIEVE_RESULT=1
2026-05-07T17:57:07+00:00 RETRIEVE_COOKIE=1 COOKIE_VAL=FelefdrkZPT7o?T2la_X!632po#1B2Tv... (len=255) SESSION_TOKEN=1 SESSION_VAL=!RJ4C?zE7#3W4a//1Yk!F53;uQ?t136q... (len=255)
2026-05-07T17:57:07+00:00 RETRIEVE_RESULT=1
2026-05-07T17:57:07+00:00 RETRIEVE_COOKIE=1 COOKIE_VAL=FelefdrkZPT7o?T2la_X!632po#1B2Tv... (len=255) SESSION_TOKEN=1 SESSION_VAL=!RJ4C?zE7#3W4a//1Yk!F53;uQ?t136q... (len=255)
2026-05-07T17:57:08+00:00 RETRIEVE_RESULT=1
2026-05-07T17:57:08+00:00 RETRIEVE_COOKIE=1 COOKIE_VAL=FelefdrkZPT7o?T2la_X!632po#1B2Tv... (len=255) SESSION_TOKEN=1 SESSION_VAL=!RJ4C?zE7#3W4a//1Yk!F53;uQ?t136q... (len=255)
2026-05-07T17:57:08+00:00 RETRIEVE_RESULT=1
2026-05-07T17:57:08+00:00 RETRIEVE_COOKIE=1 COOKIE_VAL=FelefdrkZPT7o?T2la_X!632po#1B2Tv... (len=255) SESSION_TOKEN=1 SESSION_VAL=!RJ4C?zE7#3W4a//1Yk!F53;uQ?t136q... (len=255)
2026-05-07T17:57:08+00:00 RETRIEVE_RESULT=1
2026-05-07T17:57:08+00:00 RETRIEVE_COOKIE=1 COOKIE_VAL=FelefdrkZPT7o?T2la_X!632po#1B2Tv... (len=255) SESSION_TOKEN=1 SESSION_VAL=!RJ4C?zE7#3W4a//1Yk!F53;uQ?t136q... (len=255)
2026-05-07T17:57:08+00:00 RETRIEVE_RESULT=1
2026-05-07T17:57:08+00:00 RETRIEVE_COOKIE=1 COOKIE_VAL=FelefdrkZPT7o?T2la_X!632po#1B2Tv... (len=255) SESSION_TOKEN=1 SESSION_VAL=!RJ4C?zE7#3W4a//1Yk!F53;uQ?t136q... (len=255)
2026-05-07T17:57:08+00:00 RETRIEVE_RESULT=1
2026-05-07T17:57:08+00:00 RETRIEVE_COOKIE=1 COOKIE_VAL=FelefdrkZPT7o?T2la_X!632po#1B2Tv... (len=255) SESSION_TOKEN=1 SESSION_VAL=!RJ4C?zE7#3W4a//1Yk!F53;uQ?t136q... (len=255)
2026-05-07T17:57:08+00:00 RETRIEVE_RESULT=1
2026-05-07T17:57:09+00:00 RETRIEVE_COOKIE=1 COOKIE_VAL=FelefdrkZPT7o?T2la_X!632po#1B2Tv... (len=255) SESSION_TOKEN=1 SESSION_VAL=!RJ4C?zE7#3W4a//1Yk!F53;uQ?t136q... (len=255)
2026-05-07T17:57:09+00:00 RETRIEVE_RESULT=1
2026-05-07T17:57:10+00:00 RETRIEVE_COOKIE=1 COOKIE_VAL=FelefdrkZPT7o?T2la_X!632po#1B2Tv... (len=255) SESSION_TOKEN=1 SESSION_VAL=!RJ4C?zE7#3W4a//1Yk!F53;uQ?t136q... (len=255)
2026-05-07T17:57:10+00:00 RETRIEVE_RESULT=1
2026-05-07T17:57:10+00:00 RETRIEVE_COOKIE=1 COOKIE_VAL=FelefdrkZPT7o?T2la_X!632po#1B2Tv... (len=255) SESSION_TOKEN=1 SESSION_VAL=!RJ4C?zE7#3W4a//1Yk!F53;uQ?t136q... (len=255)
2026-05-07T17:57:10+00:00 RETRIEVE_RESULT=1
2026-05-07T17:57:10+00:00 RETRIEVE_COOKIE=1 COOKIE_VAL=FelefdrkZPT7o?T2la_X!632po#1B2Tv... (len=255) SESSION_TOKEN=1 SESSION_VAL=!RJ4C?zE7#3W4a//1Yk!F53;uQ?t136q... (len=255)
2026-05-07T17:57:10+00:00 RETRIEVE_RESULT=1
2026-05-07T17:57:10+00:00 RETRIEVE_COOKIE=1 COOKIE_VAL=FelefdrkZPT7o?T2la_X!632po#1B2Tv... (len=255) SESSION_TOKEN=1 SESSION_VAL=!RJ4C?zE7#3W4a//1Yk!F53;uQ?t136q... (len=255)
2026-05-07T17:57:10+00:00 RETRIEVE_RESULT=1
2026-05-07T17:57:10+00:00 RETRIEVE_COOKIE=1 COOKIE_VAL=FelefdrkZPT7o?T2la_X!632po#1B2Tv... (len=255) SESSION_TOKEN=1 SESSION_VAL=!RJ4C?zE7#3W4a//1Yk!F53;uQ?t136q... (len=255)
2026-05-07T17:57:10+00:00 RETRIEVE_RESULT=1
2026-05-07T17:57:10+00:00 RETRIEVE_COOKIE=1 COOKIE_VAL=FelefdrkZPT7o?T2la_X!632po#1B2Tv... (len=255) SESSION_TOKEN=1 SESSION_VAL=!RJ4C?zE7#3W4a//1Yk!F53;uQ?t136q... (len=255)
2026-05-07T17:57:10+00:00 RETRIEVE_RESULT=1
2026-05-07T17:57:10+00:00 RETRIEVE_COOKIE=1 COOKIE_VAL=FelefdrkZPT7o?T2la_X!632po#1B2Tv... (len=255) SESSION_TOKEN=1 SESSION_VAL=!RJ4C?zE7#3W4a//1Yk!F53;uQ?t136q... (len=255)
2026-05-07T17:57:10+00:00 RETRIEVE_RESULT=1
2026-05-07T17:57:10+00:00 RETRIEVE_COOKIE=1 COOKIE_VAL=FelefdrkZPT7o?T2la_X!632po#1B2Tv... (len=255) SESSION_TOKEN=1 SESSION_VAL=!RJ4C?zE7#3W4a//1Yk!F53;uQ?t136q... (len=255)
2026-05-07T17:57:10+00:00 RETRIEVE_RESULT=1
2026-05-07T17:57:12+00:00 RETRIEVE_COOKIE=1 COOKIE_VAL=FelefdrkZPT7o?T2la_X!632po#1B2Tv... (len=255) SESSION_TOKEN=1 SESSION_VAL=!RJ4C?zE7#3W4a//1Yk!F53;uQ?t136q... (len=255)
2026-05-07T17:57:12+00:00 RETRIEVE_RESULT=1
2026-05-07T17:57:12+00:00 RETRIEVE_COOKIE=1 COOKIE_VAL=FelefdrkZPT7o?T2la_X!632po#1B2Tv... (len=255) SESSION_TOKEN=1 SESSION_VAL=!RJ4C?zE7#3W4a//1Yk!F53;uQ?t136q... (len=255)
2026-05-07T17:57:12+00:00 RETRIEVE_RESULT=1
2026-05-07T17:57:12+00:00 RETRIEVE_COOKIE=1 COOKIE_VAL=FelefdrkZPT7o?T2la_X!632po#1B2Tv... (len=255) SESSION_TOKEN=1 SESSION_VAL=!RJ4C?zE7#3W4a//1Yk!F53;uQ?t136q... (len=255)
2026-05-07T17:57:12+00:00 RETRIEVE_RESULT=1
2026-05-07T17:57:12+00:00 RETRIEVE_COOKIE=1 COOKIE_VAL=FelefdrkZPT7o?T2la_X!632po#1B2Tv... (len=255) SESSION_TOKEN=1 SESSION_VAL=!RJ4C?zE7#3W4a//1Yk!F53;uQ?t136q... (len=255)
2026-05-07T17:57:12+00:00 RETRIEVE_RESULT=1
2026-05-07T17:57:12+00:00 RETRIEVE_COOKIE=1 COOKIE_VAL=FelefdrkZPT7o?T2la_X!632po#1B2Tv... (len=255) SESSION_TOKEN=1 SESSION_VAL=!RJ4C?zE7#3W4a//1Yk!F53;uQ?t136q... (len=255)
2026-05-07T17:57:12+00:00 RETRIEVE_RESULT=1
2026-05-07T17:57:12+00:00 RETRIEVE_COOKIE=1 COOKIE_VAL=FelefdrkZPT7o?T2la_X!632po#1B2Tv... (len=255) SESSION_TOKEN=1 SESSION_VAL=!RJ4C?zE7#3W4a//1Yk!F53;uQ?t136q... (len=255)
2026-05-07T17:57:12+00:00 RETRIEVE_RESULT=1
2026-05-07T17:57:12+00:00 RETRIEVE_COOKIE=1 COOKIE_VAL=FelefdrkZPT7o?T2la_X!632po#1B2Tv... (len=255) SESSION_TOKEN=1 SESSION_VAL=!RJ4C?zE7#3W4a//1Yk!F53;uQ?t136q... (len=255)
2026-05-07T17:57:12+00:00 RETRIEVE_RESULT=1
2026-05-07T17:57:15+00:00 RETRIEVE_COOKIE=1 COOKIE_VAL=FelefdrkZPT7o?T2la_X!632po#1B2Tv... (len=255) SESSION_TOKEN=1 SESSION_VAL=!RJ4C?zE7#3W4a//1Yk!F53;uQ?t136q... (len=255)
2026-05-07T17:57:15+00:00 RETRIEVE_RESULT=1
2026-05-07T17:57:15+00:00 RETRIEVE_COOKIE=1 COOKIE_VAL=FelefdrkZPT7o?T2la_X!632po#1B2Tv... (len=255) SESSION_TOKEN=1 SESSION_VAL=!RJ4C?zE7#3W4a//1Yk!F53;uQ?t136q... (len=255)
2026-05-07T17:57:15+00:00 RETRIEVE_RESULT=1
2026-05-07T17:57:15+00:00 RETRIEVE_COOKIE=1 COOKIE_VAL=FelefdrkZPT7o?T2la_X!632po#1B2Tv... (len=255) SESSION_TOKEN=1 SESSION_VAL=!RJ4C?zE7#3W4a//1Yk!F53;uQ?t136q... (len=255)
2026-05-07T17:57:15+00:00 RETRIEVE_RESULT=1
2026-05-07T17:57:15+00:00 RETRIEVE_COOKIE=1 COOKIE_VAL=FelefdrkZPT7o?T2la_X!632po#1B2Tv... (len=255) SESSION_TOKEN=1 SESSION_VAL=!RJ4C?zE7#3W4a//1Yk!F53;uQ?t136q... (len=255)
2026-05-07T17:57:15+00:00 RETRIEVE_RESULT=1
2026-05-07T17:57:15+00:00 RETRIEVE_COOKIE=1 COOKIE_VAL=FelefdrkZPT7o?T2la_X!632po#1B2Tv... (len=255) SESSION_TOKEN=1 SESSION_VAL=!RJ4C?zE7#3W4a//1Yk!F53;uQ?t136q... (len=255)
2026-05-07T17:57:15+00:00 RETRIEVE_RESULT=1
2026-05-07T17:57:16+00:00 RETRIEVE_COOKIE=1 COOKIE_VAL=FelefdrkZPT7o?T2la_X!632po#1B2Tv... (len=255) SESSION_TOKEN=1 SESSION_VAL=!RJ4C?zE7#3W4a//1Yk!F53;uQ?t136q... (len=255)
2026-05-07T17:57:16+00:00 RETRIEVE_RESULT=1
2026-05-07T17:57:16+00:00 RETRIEVE_COOKIE=1 COOKIE_VAL=FelefdrkZPT7o?T2la_X!632po#1B2Tv... (len=255) SESSION_TOKEN=1 SESSION_VAL=!RJ4C?zE7#3W4a//1Yk!F53;uQ?t136q... (len=255)
2026-05-07T17:57:16+00:00 RETRIEVE_RESULT=1
